<?xml version="1.0" encoding="UTF-8"?>
<!-- Generated by org.testng.reporters.JUnitXMLReporter -->
<testsuite ignored="0" hostname="DESKTOP-ALNHJVB" failures="1" tests="1" name="Bank Manager Login Test" time="1.374" errors="0" timestamp="2020-05-06T16:02:22 IST">
  <testcase classname="com.orgName.testcases.BankManagerLoginTest" name="loginAsBankManager" time="0.15">
    <failure type="java.lang.IllegalArgumentException" message="Cannot find elements when the selector is null">
      <![CDATA[java.lang.IllegalArgumentException: Cannot find elements when the selector is null
at org.openqa.selenium.By$ByCssSelector.<init>(By.java:422)
at org.openqa.selenium.By.cssSelector(By.java:116)
at com.orgName.testcases.BankManagerLoginTest.loginAsBankManager(BankManagerLoginTest.java:19)
at java.base/java.util.ArrayList.forEach(ArrayList.java:1540)
... Removed 31 stack frames]]>
    </failure>
  </testcase> <!-- loginAsBankManager -->
</testsuite> <!-- Bank Manager Login Test -->
