<?xml version="1.0" encoding="UTF-8"?>
<testng-results ignored="0" total="2" passed="1" failed="1" skipped="0">
  <reporter-output>
    <line>
      <![CDATA[Login Test Completed !!]]>
    </line>
    <line>
      <![CDATA[<a target="_blank" href="C:\Users\Ketan\Pictures\Screenshots\Screenshot (2).png">Screenshot</a>]]>
    </line>
    <line>
      <![CDATA[<br>]]>
    </line>
    <line>
      <![CDATA[<a target="_blank" href="C:\Users\Ketan\Pictures\Screenshots\Screenshot (2).png"><img src="C:\Users\Ketan\Pictures\Screenshots\Screenshot (2).png" height="200px" width="200px"></img></a>]]>
    </line>
  </reporter-output>
  <suite started-at="2020-05-02T22:23:10 IST" name="Data Driven Basic" finished-at="2020-05-02T22:23:11 IST" duration-ms="1562">
    <groups>
    </groups>
    <test started-at="2020-05-02T22:23:10 IST" name="Bank Manager Login Test" finished-at="2020-05-02T22:23:10 IST" duration-ms="368">
      <class name="com.orgName.testcases.BankManagerLoginTest">
        <test-method signature="loginAsBankManager()[pri:0, instance:com.orgName.testcases.BankManagerLoginTest@71454b9d]" started-at="2020-05-02T22:23:10 IST" name="loginAsBankManager" finished-at="2020-05-02T22:23:10 IST" duration-ms="287" status="FAIL">
          <exception class="java.lang.AssertionError">
            <message>
              <![CDATA[LoginAsBankManager Test Failed....]]>
            </message>
            <full-stacktrace>
              <![CDATA[java.lang.AssertionError: LoginAsBankManager Test Failed....
at org.testng.Assert.fail(Assert.java:97)
at com.orgName.testcases.BankManagerLoginTest.loginAsBankManager(BankManagerLoginTest.java:24)
at java.base/jdk.internal.reflect.NativeMethodAccessorImpl.invoke0(Native Method)
at java.base/jdk.internal.reflect.NativeMethodAccessorImpl.invoke(NativeMethodAccessorImpl.java:62)
at java.base/jdk.internal.reflect.DelegatingMethodAccessorImpl.invoke(DelegatingMethodAccessorImpl.java:43)
at java.base/java.lang.reflect.Method.invoke(Method.java:567)
at org.testng.internal.MethodInvocationHelper.invokeMethod(MethodInvocationHelper.java:133)
at org.testng.internal.TestInvoker.invokeMethod(TestInvoker.java:584)
at org.testng.internal.TestInvoker.invokeTestMethod(TestInvoker.java:172)
at org.testng.internal.MethodRunner.runInSequence(MethodRunner.java:46)
at org.testng.internal.TestInvoker$MethodInvocationAgent.invoke(TestInvoker.java:804)
at org.testng.internal.TestInvoker.invokeTestMethods(TestInvoker.java:145)
at org.testng.internal.TestMethodWorker.invokeTestMethods(TestMethodWorker.java:146)
at org.testng.internal.TestMethodWorker.run(TestMethodWorker.java:128)
at java.base/java.util.ArrayList.forEach(ArrayList.java:1540)
at org.testng.TestRunner.privateRun(TestRunner.java:770)
at org.testng.TestRunner.run(TestRunner.java:591)
at org.testng.SuiteRunner.runTest(SuiteRunner.java:402)
at org.testng.SuiteRunner.runSequentially(SuiteRunner.java:396)
at org.testng.SuiteRunner.privateRun(SuiteRunner.java:355)
at org.testng.SuiteRunner.run(SuiteRunner.java:304)
at org.testng.SuiteRunnerWorker.runSuite(SuiteRunnerWorker.java:53)
at org.testng.SuiteRunnerWorker.run(SuiteRunnerWorker.java:96)
at org.testng.TestNG.runSuitesSequentially(TestNG.java:1180)
at org.testng.TestNG.runSuitesLocally(TestNG.java:1102)
at org.testng.TestNG.runSuites(TestNG.java:1032)
at org.testng.TestNG.run(TestNG.java:1000)
at org.testng.remote.AbstractRemoteTestNG.run(AbstractRemoteTestNG.java:115)
at org.testng.remote.RemoteTestNG.initAndRun(RemoteTestNG.java:251)
at org.testng.remote.RemoteTestNG.main(RemoteTestNG.java:77)
]]>
            </full-stacktrace>
          </exception> <!-- java.lang.AssertionError -->
          <reporter-output>
            <line>
              <![CDATA[Login Test Completed !!]]>
            </line>
            <line>
              <![CDATA[<a target="_blank" href="C:\Users\Ketan\Pictures\Screenshots\Screenshot (2).png">Screenshot</a>]]>
            </line>
            <line>
              <![CDATA[<br>]]>
            </line>
            <line>
              <![CDATA[<a target="_blank" href="C:\Users\Ketan\Pictures\Screenshots\Screenshot (2).png"><img src="C:\Users\Ketan\Pictures\Screenshots\Screenshot (2).png" height="200px" width="200px"></img></a>]]>
            </line>
          </reporter-output>
        </test-method> <!-- loginAsBankManager -->
      </class> <!-- com.orgName.testcases.BankManagerLoginTest -->
    </test> <!-- Bank Manager Login Test -->
    <test started-at="2020-05-02T22:23:10 IST" name="Add customer Test" finished-at="2020-05-02T22:23:11 IST" duration-ms="1046">
      <class name="com.orgName.testcases.AddCustomerTest">
        <test-method is-config="true" signature="setUp()[pri:0, instance:com.orgName.testcases.AddCustomerTest@2dca0d64]" started-at="2020-05-02T22:22:54 IST" name="setUp" finished-at="2020-05-02T22:23:10 IST" duration-ms="15298" status="PASS">
          <reporter-output>
          </reporter-output>
        </test-method> <!-- setUp -->
        <test-method signature="addCustomer(java.lang.String, java.lang.String, java.lang.String, java.lang.String)[pri:0, instance:com.orgName.testcases.AddCustomerTest@2dca0d64]" started-at="2020-05-02T22:23:10 IST" name="addCustomer" data-provider="getData" finished-at="2020-05-02T22:23:11 IST" duration-ms="1002" status="PASS">
          <params>
            <param index="0">
              <value>
                <![CDATA[aman ]]>
              </value>
            </param>
            <param index="1">
              <value>
                <![CDATA[arora]]>
              </value>
            </param>
            <param index="2">
              <value>
                <![CDATA[41f41]]>
              </value>
            </param>
            <param index="3">
              <value>
                <![CDATA[Customer added successfully]]>
              </value>
            </param>
          </params>
          <reporter-output>
          </reporter-output>
        </test-method> <!-- addCustomer -->
        <test-method is-config="true" signature="tearDown()[pri:0, instance:com.orgName.testcases.AddCustomerTest@2dca0d64]" started-at="2020-05-02T22:23:11 IST" name="tearDown" finished-at="2020-05-02T22:23:12 IST" duration-ms="1011" status="PASS">
          <reporter-output>
          </reporter-output>
        </test-method> <!-- tearDown -->
      </class> <!-- com.orgName.testcases.AddCustomerTest -->
    </test> <!-- Add customer Test -->
  </suite> <!-- Data Driven Basic -->
</testng-results>
